[     682ms] [ERROR] The source list for the Content Security Policy directive 'default-src' contains an invalid source: ''unsafe-dynamic''. It will be ignored. @ https://replit.com/@eugene59/ManheadNewModelAPI:0
[     682ms] [ERROR] The Content-Security-Policy directive 'default-src' contains 'report-uri' as a source expression. Did you want to add it as a directive and forget a semicolon? @ https://replit.com/@eugene59/ManheadNewModelAPI:0
[     682ms] [ERROR] The source list for Content Security Policy directive 'default-src' contains a source with an invalid path: '/api/4509669501698048/security/?sentry_key=7eb3d90eb4660416caf507087367e67e'. The query component, including the '?', will be ignored. @ https://replit.com/@eugene59/ManheadNewModelAPI:0
[    1446ms] [ERROR] The source list for the Content Security Policy directive 'default-src' contains an invalid source: ''unsafe-dynamic''. It will be ignored. @ https://www.gstatic.com/recaptcha/releases/QvLuXwupqtKMva7GIh5eGl3U/recaptcha__en.js:714
[    1446ms] [ERROR] The Content-Security-Policy directive 'default-src' contains 'report-uri' as a source expression. Did you want to add it as a directive and forget a semicolon? @ https://www.gstatic.com/recaptcha/releases/QvLuXwupqtKMva7GIh5eGl3U/recaptcha__en.js:714
[    1446ms] [ERROR] The source list for Content Security Policy directive 'default-src' contains a source with an invalid path: '/api/4509669501698048/security/?sentry_key=7eb3d90eb4660416caf507087367e67e'. The query component, including the '?', will be ignored. @ https://www.gstatic.com/recaptcha/releases/QvLuXwupqtKMva7GIh5eGl3U/recaptcha__en.js:714
[    1611ms] [ERROR] The source list for the Content Security Policy directive 'default-src' contains an invalid source: ''unsafe-dynamic''. It will be ignored. @ https://www.gstatic.com/recaptcha/releases/QvLuXwupqtKMva7GIh5eGl3U/recaptcha__en.js:773
[    1611ms] [ERROR] The Content-Security-Policy directive 'default-src' contains 'report-uri' as a source expression. Did you want to add it as a directive and forget a semicolon? @ https://www.gstatic.com/recaptcha/releases/QvLuXwupqtKMva7GIh5eGl3U/recaptcha__en.js:773
[    1611ms] [ERROR] The source list for Content Security Policy directive 'default-src' contains a source with an invalid path: '/api/4509669501698048/security/?sentry_key=7eb3d90eb4660416caf507087367e67e'. The query component, including the '?', will be ignored. @ https://www.gstatic.com/recaptcha/releases/QvLuXwupqtKMva7GIh5eGl3U/recaptcha__en.js:773
[    1611ms] [ERROR] The source list for the Content Security Policy directive 'default-src' contains an invalid source: ''unsafe-dynamic''. It will be ignored. @ https://www.gstatic.com/recaptcha/releases/QvLuXwupqtKMva7GIh5eGl3U/recaptcha__en.js:773
[    1611ms] [ERROR] The Content-Security-Policy directive 'default-src' contains 'report-uri' as a source expression. Did you want to add it as a directive and forget a semicolon? @ https://www.gstatic.com/recaptcha/releases/QvLuXwupqtKMva7GIh5eGl3U/recaptcha__en.js:773
[    1611ms] [ERROR] The source list for Content Security Policy directive 'default-src' contains a source with an invalid path: '/api/4509669501698048/security/?sentry_key=7eb3d90eb4660416caf507087367e67e'. The query component, including the '?', will be ignored. @ https://www.gstatic.com/recaptcha/releases/QvLuXwupqtKMva7GIh5eGl3U/recaptcha__en.js:773
[    1703ms] [ERROR] The source list for the Content Security Policy directive 'default-src' contains an invalid source: ''unsafe-dynamic''. It will be ignored. @ https://js.stripe.com/acacia/stripe.js:0
[    1703ms] [ERROR] The Content-Security-Policy directive 'default-src' contains 'report-uri' as a source expression. Did you want to add it as a directive and forget a semicolon? @ https://js.stripe.com/acacia/stripe.js:0
[    1703ms] [ERROR] The source list for Content Security Policy directive 'default-src' contains a source with an invalid path: '/api/4509669501698048/security/?sentry_key=7eb3d90eb4660416caf507087367e67e'. The query component, including the '?', will be ignored. @ https://js.stripe.com/acacia/stripe.js:0
[    1803ms] [ERROR] The source list for the Content Security Policy directive 'default-src' contains an invalid source: ''unsafe-dynamic''. It will be ignored. @ https://www.gstatic.com/recaptcha/releases/QvLuXwupqtKMva7GIh5eGl3U/recaptcha__en.js:794
[    1803ms] [ERROR] The Content-Security-Policy directive 'default-src' contains 'report-uri' as a source expression. Did you want to add it as a directive and forget a semicolon? @ https://www.gstatic.com/recaptcha/releases/QvLuXwupqtKMva7GIh5eGl3U/recaptcha__en.js:794
[    1803ms] [ERROR] The source list for Content Security Policy directive 'default-src' contains a source with an invalid path: '/api/4509669501698048/security/?sentry_key=7eb3d90eb4660416caf507087367e67e'. The query component, including the '?', will be ignored. @ https://www.gstatic.com/recaptcha/releases/QvLuXwupqtKMva7GIh5eGl3U/recaptcha__en.js:794
[    1803ms] [ERROR] The source list for the Content Security Policy directive 'default-src' contains an invalid source: ''unsafe-dynamic''. It will be ignored. @ https://www.gstatic.com/recaptcha/releases/QvLuXwupqtKMva7GIh5eGl3U/recaptcha__en.js:794
[    1803ms] [ERROR] The Content-Security-Policy directive 'default-src' contains 'report-uri' as a source expression. Did you want to add it as a directive and forget a semicolon? @ https://www.gstatic.com/recaptcha/releases/QvLuXwupqtKMva7GIh5eGl3U/recaptcha__en.js:794
[    1803ms] [ERROR] The source list for Content Security Policy directive 'default-src' contains a source with an invalid path: '/api/4509669501698048/security/?sentry_key=7eb3d90eb4660416caf507087367e67e'. The query component, including the '?', will be ignored. @ https://www.gstatic.com/recaptcha/releases/QvLuXwupqtKMva7GIh5eGl3U/recaptcha__en.js:794
[    2703ms] [ERROR] The source list for the Content Security Policy directive 'default-src' contains an invalid source: ''unsafe-dynamic''. It will be ignored. @ https://js.stripe.com/acacia/stripe.js:0
[    2703ms] [ERROR] The Content-Security-Policy directive 'default-src' contains 'report-uri' as a source expression. Did you want to add it as a directive and forget a semicolon? @ https://js.stripe.com/acacia/stripe.js:0
[    2703ms] [ERROR] The source list for Content Security Policy directive 'default-src' contains a source with an invalid path: '/api/4509669501698048/security/?sentry_key=7eb3d90eb4660416caf507087367e67e'. The query component, including the '?', will be ignored. @ https://js.stripe.com/acacia/stripe.js:0
[  130409ms] [WARNING] Cache data may be lost when replacing the hostingBuildDeployActionUpdates field of a Subscription object.

This could cause additional (usually avoidable) network requests to fetch data that were otherwise cached.

To address this problem (which is not a bug in Apollo Client), either ensure all objects of type HostingBuildDeployLogAction and HostingBuildDeployStatusAction have an ID or a custom merge function, or define a custom merge function for the Subscription.hostingBuildDeployActionUpdates field, so InMemoryCache can safely merge these objects:

  existing: {"__typename":"HostingBuildDeployLogAction","log":"\r\u001b[38;2;169;169;169m2026-03-08T12:52:21Z\u001b[37m \u001b[32minfo\u001b[37m: Build: ac0da7e9-9004-4df5-85e4-e2d023cab42c\r\n"}
  incoming: {"__typename":"HostingBuildDeployStatusAction","status":"security_scanning","message":null,"debugSummary":null,"build":{"__ref":"HostingBuild:ac0da7e9-9004-4df5-85e4-e2d023cab42c"}}

For more information about these options, please refer to the documentation:

  * Ensuring entity objects have IDs: https://go.apollo.dev/c/generating-unique-identifiers
  * Defining custom merge functions: https://go.apollo.dev/c/merging-non-normalized-objects
 @ https://cdn.replit.com/_next/static/chunks/4bbe6a60c8b51135.js:13
[  865424ms] [WARNING] If you do not provide children, you must specify an aria-label for accessibility @ https://cdn.replit.com/_next/static/chunks/4bbe6a60c8b51135.js:13
[  865425ms] [WARNING] If you do not provide children, you must specify an aria-label for accessibility @ https://cdn.replit.com/_next/static/chunks/4bbe6a60c8b51135.js:13
[  865437ms] [WARNING] If you do not provide children, you must specify an aria-label for accessibility @ https://cdn.replit.com/_next/static/chunks/4bbe6a60c8b51135.js:13
[  865438ms] [WARNING] If you do not provide children, you must specify an aria-label for accessibility @ https://cdn.replit.com/_next/static/chunks/4bbe6a60c8b51135.js:13
[  866098ms] [WARNING] If you do not provide children, you must specify an aria-label for accessibility @ https://cdn.replit.com/_next/static/chunks/4bbe6a60c8b51135.js:13
[  866098ms] [WARNING] If you do not provide children, you must specify an aria-label for accessibility @ https://cdn.replit.com/_next/static/chunks/4bbe6a60c8b51135.js:13
[  866285ms] [WARNING] If you do not provide children, you must specify an aria-label for accessibility @ https://cdn.replit.com/_next/static/chunks/4bbe6a60c8b51135.js:13
[  866285ms] [WARNING] If you do not provide children, you must specify an aria-label for accessibility @ https://cdn.replit.com/_next/static/chunks/4bbe6a60c8b51135.js:13
