[     691ms] [ERROR] The source list for the Content Security Policy directive 'default-src' contains an invalid source: ''unsafe-dynamic''. It will be ignored. @ https://replit.com/my-published-apps:0
[     692ms] [ERROR] The Content-Security-Policy directive 'default-src' contains 'report-uri' as a source expression. Did you want to add it as a directive and forget a semicolon? @ https://replit.com/my-published-apps:0
[     692ms] [ERROR] The source list for Content Security Policy directive 'default-src' contains a source with an invalid path: '/api/4509669501698048/security/?sentry_key=7eb3d90eb4660416caf507087367e67e'. The query component, including the '?', will be ignored. @ https://replit.com/my-published-apps:0
[    1007ms] [ERROR] The source list for the Content Security Policy directive 'default-src' contains an invalid source: ''unsafe-dynamic''. It will be ignored. @ https://www.gstatic.com/recaptcha/releases/QvLuXwupqtKMva7GIh5eGl3U/recaptcha__en.js:714
[    1007ms] [ERROR] The Content-Security-Policy directive 'default-src' contains 'report-uri' as a source expression. Did you want to add it as a directive and forget a semicolon? @ https://www.gstatic.com/recaptcha/releases/QvLuXwupqtKMva7GIh5eGl3U/recaptcha__en.js:714
[    1007ms] [ERROR] The source list for Content Security Policy directive 'default-src' contains a source with an invalid path: '/api/4509669501698048/security/?sentry_key=7eb3d90eb4660416caf507087367e67e'. The query component, including the '?', will be ignored. @ https://www.gstatic.com/recaptcha/releases/QvLuXwupqtKMva7GIh5eGl3U/recaptcha__en.js:714
[    1164ms] [ERROR] The source list for the Content Security Policy directive 'default-src' contains an invalid source: ''unsafe-dynamic''. It will be ignored. @ https://www.gstatic.com/recaptcha/releases/QvLuXwupqtKMva7GIh5eGl3U/recaptcha__en.js:773
[    1164ms] [ERROR] The Content-Security-Policy directive 'default-src' contains 'report-uri' as a source expression. Did you want to add it as a directive and forget a semicolon? @ https://www.gstatic.com/recaptcha/releases/QvLuXwupqtKMva7GIh5eGl3U/recaptcha__en.js:773
[    1164ms] [ERROR] The source list for Content Security Policy directive 'default-src' contains a source with an invalid path: '/api/4509669501698048/security/?sentry_key=7eb3d90eb4660416caf507087367e67e'. The query component, including the '?', will be ignored. @ https://www.gstatic.com/recaptcha/releases/QvLuXwupqtKMva7GIh5eGl3U/recaptcha__en.js:773
[    1165ms] [ERROR] The source list for the Content Security Policy directive 'default-src' contains an invalid source: ''unsafe-dynamic''. It will be ignored. @ https://www.gstatic.com/recaptcha/releases/QvLuXwupqtKMva7GIh5eGl3U/recaptcha__en.js:773
[    1165ms] [ERROR] The Content-Security-Policy directive 'default-src' contains 'report-uri' as a source expression. Did you want to add it as a directive and forget a semicolon? @ https://www.gstatic.com/recaptcha/releases/QvLuXwupqtKMva7GIh5eGl3U/recaptcha__en.js:773
[    1165ms] [ERROR] The source list for Content Security Policy directive 'default-src' contains a source with an invalid path: '/api/4509669501698048/security/?sentry_key=7eb3d90eb4660416caf507087367e67e'. The query component, including the '?', will be ignored. @ https://www.gstatic.com/recaptcha/releases/QvLuXwupqtKMva7GIh5eGl3U/recaptcha__en.js:773
[    1282ms] [ERROR] The source list for the Content Security Policy directive 'default-src' contains an invalid source: ''unsafe-dynamic''. It will be ignored. @ https://js.stripe.com/acacia/stripe.js:0
[    1282ms] [ERROR] The Content-Security-Policy directive 'default-src' contains 'report-uri' as a source expression. Did you want to add it as a directive and forget a semicolon? @ https://js.stripe.com/acacia/stripe.js:0
[    1282ms] [ERROR] The source list for Content Security Policy directive 'default-src' contains a source with an invalid path: '/api/4509669501698048/security/?sentry_key=7eb3d90eb4660416caf507087367e67e'. The query component, including the '?', will be ignored. @ https://js.stripe.com/acacia/stripe.js:0
[    1476ms] [ERROR] The source list for the Content Security Policy directive 'default-src' contains an invalid source: ''unsafe-dynamic''. It will be ignored. @ https://www.gstatic.com/recaptcha/releases/QvLuXwupqtKMva7GIh5eGl3U/recaptcha__en.js:794
[    1476ms] [ERROR] The Content-Security-Policy directive 'default-src' contains 'report-uri' as a source expression. Did you want to add it as a directive and forget a semicolon? @ https://www.gstatic.com/recaptcha/releases/QvLuXwupqtKMva7GIh5eGl3U/recaptcha__en.js:794
[    1476ms] [ERROR] The source list for Content Security Policy directive 'default-src' contains a source with an invalid path: '/api/4509669501698048/security/?sentry_key=7eb3d90eb4660416caf507087367e67e'. The query component, including the '?', will be ignored. @ https://www.gstatic.com/recaptcha/releases/QvLuXwupqtKMva7GIh5eGl3U/recaptcha__en.js:794
[    1476ms] [ERROR] The source list for the Content Security Policy directive 'default-src' contains an invalid source: ''unsafe-dynamic''. It will be ignored. @ https://www.gstatic.com/recaptcha/releases/QvLuXwupqtKMva7GIh5eGl3U/recaptcha__en.js:794
[    1476ms] [ERROR] The Content-Security-Policy directive 'default-src' contains 'report-uri' as a source expression. Did you want to add it as a directive and forget a semicolon? @ https://www.gstatic.com/recaptcha/releases/QvLuXwupqtKMva7GIh5eGl3U/recaptcha__en.js:794
[    1476ms] [ERROR] The source list for Content Security Policy directive 'default-src' contains a source with an invalid path: '/api/4509669501698048/security/?sentry_key=7eb3d90eb4660416caf507087367e67e'. The query component, including the '?', will be ignored. @ https://www.gstatic.com/recaptcha/releases/QvLuXwupqtKMva7GIh5eGl3U/recaptcha__en.js:794
[    2284ms] [ERROR] The source list for the Content Security Policy directive 'default-src' contains an invalid source: ''unsafe-dynamic''. It will be ignored. @ https://js.stripe.com/acacia/stripe.js:0
[    2284ms] [ERROR] The Content-Security-Policy directive 'default-src' contains 'report-uri' as a source expression. Did you want to add it as a directive and forget a semicolon? @ https://js.stripe.com/acacia/stripe.js:0
[    2284ms] [ERROR] The source list for Content Security Policy directive 'default-src' contains a source with an invalid path: '/api/4509669501698048/security/?sentry_key=7eb3d90eb4660416caf507087367e67e'. The query component, including the '?', will be ignored. @ https://js.stripe.com/acacia/stripe.js:0
