[     672ms] [ERROR] The source list for the Content Security Policy directive 'default-src' contains an invalid source: ''unsafe-dynamic''. It will be ignored. @ https://replit.com/@eugene59/ManheadFlaskAPI:0
[     672ms] [ERROR] The Content-Security-Policy directive 'default-src' contains 'report-uri' as a source expression. Did you want to add it as a directive and forget a semicolon? @ https://replit.com/@eugene59/ManheadFlaskAPI:0
[     672ms] [ERROR] The source list for Content Security Policy directive 'default-src' contains a source with an invalid path: '/api/4509669501698048/security/?sentry_key=7eb3d90eb4660416caf507087367e67e'. The query component, including the '?', will be ignored. @ https://replit.com/@eugene59/ManheadFlaskAPI:0
[     986ms] [ERROR] The source list for the Content Security Policy directive 'default-src' contains an invalid source: ''unsafe-dynamic''. It will be ignored. @ https://js.stripe.com/acacia/stripe.js:0
[     986ms] [ERROR] The Content-Security-Policy directive 'default-src' contains 'report-uri' as a source expression. Did you want to add it as a directive and forget a semicolon? @ https://js.stripe.com/acacia/stripe.js:0
[     986ms] [ERROR] The source list for Content Security Policy directive 'default-src' contains a source with an invalid path: '/api/4509669501698048/security/?sentry_key=7eb3d90eb4660416caf507087367e67e'. The query component, including the '?', will be ignored. @ https://js.stripe.com/acacia/stripe.js:0
[    1059ms] [ERROR] The source list for the Content Security Policy directive 'default-src' contains an invalid source: ''unsafe-dynamic''. It will be ignored. @ https://www.gstatic.com/recaptcha/releases/QvLuXwupqtKMva7GIh5eGl3U/recaptcha__en.js:714
[    1059ms] [ERROR] The Content-Security-Policy directive 'default-src' contains 'report-uri' as a source expression. Did you want to add it as a directive and forget a semicolon? @ https://www.gstatic.com/recaptcha/releases/QvLuXwupqtKMva7GIh5eGl3U/recaptcha__en.js:714
[    1059ms] [ERROR] The source list for Content Security Policy directive 'default-src' contains a source with an invalid path: '/api/4509669501698048/security/?sentry_key=7eb3d90eb4660416caf507087367e67e'. The query component, including the '?', will be ignored. @ https://www.gstatic.com/recaptcha/releases/QvLuXwupqtKMva7GIh5eGl3U/recaptcha__en.js:714
[    1212ms] [ERROR] The source list for the Content Security Policy directive 'default-src' contains an invalid source: ''unsafe-dynamic''. It will be ignored. @ https://www.gstatic.com/recaptcha/releases/QvLuXwupqtKMva7GIh5eGl3U/recaptcha__en.js:773
[    1212ms] [ERROR] The Content-Security-Policy directive 'default-src' contains 'report-uri' as a source expression. Did you want to add it as a directive and forget a semicolon? @ https://www.gstatic.com/recaptcha/releases/QvLuXwupqtKMva7GIh5eGl3U/recaptcha__en.js:773
[    1212ms] [ERROR] The source list for Content Security Policy directive 'default-src' contains a source with an invalid path: '/api/4509669501698048/security/?sentry_key=7eb3d90eb4660416caf507087367e67e'. The query component, including the '?', will be ignored. @ https://www.gstatic.com/recaptcha/releases/QvLuXwupqtKMva7GIh5eGl3U/recaptcha__en.js:773
[    1214ms] [ERROR] The source list for the Content Security Policy directive 'default-src' contains an invalid source: ''unsafe-dynamic''. It will be ignored. @ https://www.gstatic.com/recaptcha/releases/QvLuXwupqtKMva7GIh5eGl3U/recaptcha__en.js:773
[    1214ms] [ERROR] The Content-Security-Policy directive 'default-src' contains 'report-uri' as a source expression. Did you want to add it as a directive and forget a semicolon? @ https://www.gstatic.com/recaptcha/releases/QvLuXwupqtKMva7GIh5eGl3U/recaptcha__en.js:773
[    1214ms] [ERROR] The source list for Content Security Policy directive 'default-src' contains a source with an invalid path: '/api/4509669501698048/security/?sentry_key=7eb3d90eb4660416caf507087367e67e'. The query component, including the '?', will be ignored. @ https://www.gstatic.com/recaptcha/releases/QvLuXwupqtKMva7GIh5eGl3U/recaptcha__en.js:773
[    1404ms] [ERROR] The source list for the Content Security Policy directive 'default-src' contains an invalid source: ''unsafe-dynamic''. It will be ignored. @ https://www.gstatic.com/recaptcha/releases/QvLuXwupqtKMva7GIh5eGl3U/recaptcha__en.js:794
[    1404ms] [ERROR] The Content-Security-Policy directive 'default-src' contains 'report-uri' as a source expression. Did you want to add it as a directive and forget a semicolon? @ https://www.gstatic.com/recaptcha/releases/QvLuXwupqtKMva7GIh5eGl3U/recaptcha__en.js:794
[    1404ms] [ERROR] The source list for Content Security Policy directive 'default-src' contains a source with an invalid path: '/api/4509669501698048/security/?sentry_key=7eb3d90eb4660416caf507087367e67e'. The query component, including the '?', will be ignored. @ https://www.gstatic.com/recaptcha/releases/QvLuXwupqtKMva7GIh5eGl3U/recaptcha__en.js:794
[    1405ms] [ERROR] The source list for the Content Security Policy directive 'default-src' contains an invalid source: ''unsafe-dynamic''. It will be ignored. @ https://www.gstatic.com/recaptcha/releases/QvLuXwupqtKMva7GIh5eGl3U/recaptcha__en.js:794
[    1405ms] [ERROR] The Content-Security-Policy directive 'default-src' contains 'report-uri' as a source expression. Did you want to add it as a directive and forget a semicolon? @ https://www.gstatic.com/recaptcha/releases/QvLuXwupqtKMva7GIh5eGl3U/recaptcha__en.js:794
[    1405ms] [ERROR] The source list for Content Security Policy directive 'default-src' contains a source with an invalid path: '/api/4509669501698048/security/?sentry_key=7eb3d90eb4660416caf507087367e67e'. The query component, including the '?', will be ignored. @ https://www.gstatic.com/recaptcha/releases/QvLuXwupqtKMva7GIh5eGl3U/recaptcha__en.js:794
[    1992ms] [ERROR] The source list for the Content Security Policy directive 'default-src' contains an invalid source: ''unsafe-dynamic''. It will be ignored. @ https://js.stripe.com/acacia/stripe.js:0
[    1992ms] [ERROR] The Content-Security-Policy directive 'default-src' contains 'report-uri' as a source expression. Did you want to add it as a directive and forget a semicolon? @ https://js.stripe.com/acacia/stripe.js:0
[    1992ms] [ERROR] The source list for Content Security Policy directive 'default-src' contains a source with an invalid path: '/api/4509669501698048/security/?sentry_key=7eb3d90eb4660416caf507087367e67e'. The query component, including the '?', will be ignored. @ https://js.stripe.com/acacia/stripe.js:0
[   12121ms] [WARNING] If you do not provide children, you must specify an aria-label for accessibility @ https://cdn.replit.com/_next/static/chunks/9a827f27feda156e.js:13
[   12121ms] [WARNING] If you do not provide children, you must specify an aria-label for accessibility @ https://cdn.replit.com/_next/static/chunks/9a827f27feda156e.js:13
[   12131ms] [WARNING] If you do not provide children, you must specify an aria-label for accessibility @ https://cdn.replit.com/_next/static/chunks/9a827f27feda156e.js:13
[   12131ms] [WARNING] If you do not provide children, you must specify an aria-label for accessibility @ https://cdn.replit.com/_next/static/chunks/9a827f27feda156e.js:13
[   12687ms] [WARNING] If you do not provide children, you must specify an aria-label for accessibility @ https://cdn.replit.com/_next/static/chunks/9a827f27feda156e.js:13
[   12688ms] [WARNING] If you do not provide children, you must specify an aria-label for accessibility @ https://cdn.replit.com/_next/static/chunks/9a827f27feda156e.js:13
[   12892ms] [WARNING] If you do not provide children, you must specify an aria-label for accessibility @ https://cdn.replit.com/_next/static/chunks/9a827f27feda156e.js:13
[   12892ms] [WARNING] If you do not provide children, you must specify an aria-label for accessibility @ https://cdn.replit.com/_next/static/chunks/9a827f27feda156e.js:13
[   38367ms] [WARNING] If you do not provide children, you must specify an aria-label for accessibility @ https://cdn.replit.com/_next/static/chunks/9a827f27feda156e.js:13
[   38367ms] [WARNING] If you do not provide children, you must specify an aria-label for accessibility @ https://cdn.replit.com/_next/static/chunks/9a827f27feda156e.js:13
[   57997ms] [WARNING] If you do not provide children, you must specify an aria-label for accessibility @ https://cdn.replit.com/_next/static/chunks/9a827f27feda156e.js:13
[   57997ms] [WARNING] If you do not provide children, you must specify an aria-label for accessibility @ https://cdn.replit.com/_next/static/chunks/9a827f27feda156e.js:13
[   58008ms] [WARNING] If you do not provide children, you must specify an aria-label for accessibility @ https://cdn.replit.com/_next/static/chunks/9a827f27feda156e.js:13
[   58008ms] [WARNING] If you do not provide children, you must specify an aria-label for accessibility @ https://cdn.replit.com/_next/static/chunks/9a827f27feda156e.js:13
[   58255ms] [WARNING] If you do not provide children, you must specify an aria-label for accessibility @ https://cdn.replit.com/_next/static/chunks/9a827f27feda156e.js:13
[   58255ms] [WARNING] If you do not provide children, you must specify an aria-label for accessibility @ https://cdn.replit.com/_next/static/chunks/9a827f27feda156e.js:13
[   62163ms] [WARNING] If you do not provide children, you must specify an aria-label for accessibility @ https://cdn.replit.com/_next/static/chunks/9a827f27feda156e.js:13
[   62163ms] [WARNING] If you do not provide children, you must specify an aria-label for accessibility @ https://cdn.replit.com/_next/static/chunks/9a827f27feda156e.js:13
[   62180ms] [WARNING] If you do not provide children, you must specify an aria-label for accessibility @ https://cdn.replit.com/_next/static/chunks/9a827f27feda156e.js:13
[   62180ms] [WARNING] If you do not provide children, you must specify an aria-label for accessibility @ https://cdn.replit.com/_next/static/chunks/9a827f27feda156e.js:13
[   86228ms] [WARNING] If you do not provide children, you must specify an aria-label for accessibility @ https://cdn.replit.com/_next/static/chunks/9a827f27feda156e.js:13
[   86229ms] [WARNING] If you do not provide children, you must specify an aria-label for accessibility @ https://cdn.replit.com/_next/static/chunks/9a827f27feda156e.js:13
[   86233ms] [WARNING] If you do not provide children, you must specify an aria-label for accessibility @ https://cdn.replit.com/_next/static/chunks/9a827f27feda156e.js:13
[   86233ms] [WARNING] If you do not provide children, you must specify an aria-label for accessibility @ https://cdn.replit.com/_next/static/chunks/9a827f27feda156e.js:13
