[     660ms] [ERROR] Error sending segment performance metrics TypeError: Failed to fetch
    at https://cdn.replit.com/_next/static/chunks/4bbe6a60c8b51135.js:14:10038
    at o (https://sp.replit.com/sdk.js/v1/dMePKGC4BqfBivpe0Hvl8IoPpzSHgjdX/sdk.min.js:1:23763)
    at t.<anonymous> (https://sp.replit.com/sdk.js/v1/dMePKGC4BqfBivpe0Hvl8IoPpzSHgjdX/sdk.min.js:1:22238)
    at https://sp.replit.com/sdk.js/v1/dMePKGC4BqfBivpe0Hvl8IoPpzSHgjdX/sdk.min.js:1:33689
    at Object.next (https://sp.replit.com/sdk.js/v1/dMePKGC4BqfBivpe0Hvl8IoPpzSHgjdX/sdk.min.js:1:33794)
    at https://sp.replit.com/sdk.js/v1/dMePKGC4BqfBivpe0Hvl8IoPpzSHgjdX/sdk.min.js:1:32710
    at new Promise (<anonymous>)
    at u (https://sp.replit.com/sdk.js/v1/dMePKGC4BqfBivpe0Hvl8IoPpzSHgjdX/sdk.min.js:1:32455)
    at t.send (https://sp.replit.com/sdk.js/v1/dMePKGC4BqfBivpe0Hvl8IoPpzSHgjdX/sdk.min.js:1:22021)
    at t.<anonymous> (https://sp.replit.com/sdk.js/v1/dMePKGC4BqfBivpe0Hvl8IoPpzSHgjdX/sdk.min.js:1:21894)
    at https://sp.replit.com/sdk.js/v1/dMePKGC4BqfBivpe0Hvl8IoPpzSHgjdX/sdk.min.js:1:33689
    at Object.next (https://sp.replit.com/sdk.js/v1/dMePKGC4BqfBivpe0Hvl8IoPpzSHgjdX/sdk.min.js:1:33794)
    at https://sp.replit.com/sdk.js/v1/dMePKGC4BqfBivpe0Hvl8IoPpzSHgjdX/sdk.min.js:1:32710
    at new Promise (<anonymous>)
    at u (https://sp.replit.com/sdk.js/v1/dMePKGC4BqfBivpe0Hvl8IoPpzSHgjdX/sdk.min.js:1:32455)
    at t.flush (https://sp.replit.com/sdk.js/v1/dMePKGC4BqfBivpe0Hvl8IoPpzSHgjdX/sdk.min.js:1:21754)
    at l (https://sp.replit.com/sdk.js/v1/dMePKGC4BqfBivpe0Hvl8IoPpzSHgjdX/sdk.min.js:1:21142)
    at r (https://cdn.replit.com/_next/static/chunks/4bbe6a60c8b51135.js:14:3259) @ https://cdn.replit.com/_next/static/chunks/4bbe6a60c8b51135.js:13
[     675ms] [ERROR] The source list for the Content Security Policy directive 'default-src' contains an invalid source: ''unsafe-dynamic''. It will be ignored. @ https://replit.com/usage:0
[     675ms] [ERROR] The Content-Security-Policy directive 'default-src' contains 'report-uri' as a source expression. Did you want to add it as a directive and forget a semicolon? @ https://replit.com/usage:0
[     675ms] [ERROR] The source list for Content Security Policy directive 'default-src' contains a source with an invalid path: '/api/4509669501698048/security/?sentry_key=7eb3d90eb4660416caf507087367e67e'. The query component, including the '?', will be ignored. @ https://replit.com/usage:0
[     934ms] [ERROR] The source list for the Content Security Policy directive 'default-src' contains an invalid source: ''unsafe-dynamic''. It will be ignored. @ https://js.stripe.com/acacia/stripe.js:0
[     934ms] [ERROR] The Content-Security-Policy directive 'default-src' contains 'report-uri' as a source expression. Did you want to add it as a directive and forget a semicolon? @ https://js.stripe.com/acacia/stripe.js:0
[     934ms] [ERROR] The source list for Content Security Policy directive 'default-src' contains a source with an invalid path: '/api/4509669501698048/security/?sentry_key=7eb3d90eb4660416caf507087367e67e'. The query component, including the '?', will be ignored. @ https://js.stripe.com/acacia/stripe.js:0
[     959ms] [ERROR] The source list for the Content Security Policy directive 'default-src' contains an invalid source: ''unsafe-dynamic''. It will be ignored. @ https://www.gstatic.com/recaptcha/releases/QvLuXwupqtKMva7GIh5eGl3U/recaptcha__en.js:714
[     959ms] [ERROR] The Content-Security-Policy directive 'default-src' contains 'report-uri' as a source expression. Did you want to add it as a directive and forget a semicolon? @ https://www.gstatic.com/recaptcha/releases/QvLuXwupqtKMva7GIh5eGl3U/recaptcha__en.js:714
[     959ms] [ERROR] The source list for Content Security Policy directive 'default-src' contains a source with an invalid path: '/api/4509669501698048/security/?sentry_key=7eb3d90eb4660416caf507087367e67e'. The query component, including the '?', will be ignored. @ https://www.gstatic.com/recaptcha/releases/QvLuXwupqtKMva7GIh5eGl3U/recaptcha__en.js:714
[    1016ms] TypeError: i.enterprise.execute is not a function
    at https://cdn.replit.com/_next/static/chunks/6ab26e43997e85a5.js:16:65818
[    1167ms] [ERROR] The source list for the Content Security Policy directive 'default-src' contains an invalid source: ''unsafe-dynamic''. It will be ignored. @ https://www.gstatic.com/recaptcha/releases/QvLuXwupqtKMva7GIh5eGl3U/recaptcha__en.js:773
[    1167ms] [ERROR] The Content-Security-Policy directive 'default-src' contains 'report-uri' as a source expression. Did you want to add it as a directive and forget a semicolon? @ https://www.gstatic.com/recaptcha/releases/QvLuXwupqtKMva7GIh5eGl3U/recaptcha__en.js:773
[    1167ms] [ERROR] The source list for Content Security Policy directive 'default-src' contains a source with an invalid path: '/api/4509669501698048/security/?sentry_key=7eb3d90eb4660416caf507087367e67e'. The query component, including the '?', will be ignored. @ https://www.gstatic.com/recaptcha/releases/QvLuXwupqtKMva7GIh5eGl3U/recaptcha__en.js:773
[    1167ms] [ERROR] The source list for the Content Security Policy directive 'default-src' contains an invalid source: ''unsafe-dynamic''. It will be ignored. @ https://www.gstatic.com/recaptcha/releases/QvLuXwupqtKMva7GIh5eGl3U/recaptcha__en.js:773
[    1167ms] [ERROR] The Content-Security-Policy directive 'default-src' contains 'report-uri' as a source expression. Did you want to add it as a directive and forget a semicolon? @ https://www.gstatic.com/recaptcha/releases/QvLuXwupqtKMva7GIh5eGl3U/recaptcha__en.js:773
[    1167ms] [ERROR] The source list for Content Security Policy directive 'default-src' contains a source with an invalid path: '/api/4509669501698048/security/?sentry_key=7eb3d90eb4660416caf507087367e67e'. The query component, including the '?', will be ignored. @ https://www.gstatic.com/recaptcha/releases/QvLuXwupqtKMva7GIh5eGl3U/recaptcha__en.js:773
[    1302ms] [WARNING] Cache data may be lost when replacing the authorizations field of a Customer object.

This could cause additional (usually avoidable) network requests to fetch data that were otherwise cached.

To address this problem (which is not a bug in Apollo Client), either ensure all objects of type CustomerAuthorizations have an ID or a custom merge function, or define a custom merge function for the Customer.authorizations field, so InMemoryCache can safely merge these objects:

  existing: {"__typename":"CustomerAuthorizations","createWorkspace":{"__typename":"CustomerAuthorization","isAuthorized":true,"code":"authorized"}}
  incoming: {"__typename":"CustomerAuthorizations","viewSubscription":{"__typename":"CustomerAuthorization","isAuthorized":true,"message":"You are able to view the subscription."},"viewSeats":{"__typename":"CustomerAuthorization","isAuthorized":true,"message":"You are able to view seats."},"viewUsage":{"__typename":"CustomerAuthorization","isAuthorized":true,"message":"You are able to view usage."},"editUsageLimit":{"__typename":"CustomerAuthorization","isAuthorized":true,"message":"You are able to edit the usage limit."},"editSettings":{"__typename":"CustomerAuthorization","isAuthorized":true,"message":"You are able to edit the settings."}}

For more information about these options, please refer to the documentation:

  * Ensuring entity objects have IDs: https://go.apollo.dev/c/generating-unique-identifiers
  * Defining custom merge functions: https://go.apollo.dev/c/merging-non-normalized-objects
 @ https://cdn.replit.com/_next/static/chunks/4bbe6a60c8b51135.js:13
[    1361ms] [ERROR] The source list for the Content Security Policy directive 'default-src' contains an invalid source: ''unsafe-dynamic''. It will be ignored. @ https://www.gstatic.com/recaptcha/releases/QvLuXwupqtKMva7GIh5eGl3U/recaptcha__en.js:794
[    1361ms] [ERROR] The Content-Security-Policy directive 'default-src' contains 'report-uri' as a source expression. Did you want to add it as a directive and forget a semicolon? @ https://www.gstatic.com/recaptcha/releases/QvLuXwupqtKMva7GIh5eGl3U/recaptcha__en.js:794
[    1361ms] [ERROR] The source list for Content Security Policy directive 'default-src' contains a source with an invalid path: '/api/4509669501698048/security/?sentry_key=7eb3d90eb4660416caf507087367e67e'. The query component, including the '?', will be ignored. @ https://www.gstatic.com/recaptcha/releases/QvLuXwupqtKMva7GIh5eGl3U/recaptcha__en.js:794
[    1361ms] [ERROR] The source list for the Content Security Policy directive 'default-src' contains an invalid source: ''unsafe-dynamic''. It will be ignored. @ https://www.gstatic.com/recaptcha/releases/QvLuXwupqtKMva7GIh5eGl3U/recaptcha__en.js:794
[    1361ms] [ERROR] The Content-Security-Policy directive 'default-src' contains 'report-uri' as a source expression. Did you want to add it as a directive and forget a semicolon? @ https://www.gstatic.com/recaptcha/releases/QvLuXwupqtKMva7GIh5eGl3U/recaptcha__en.js:794
[    1361ms] [ERROR] The source list for Content Security Policy directive 'default-src' contains a source with an invalid path: '/api/4509669501698048/security/?sentry_key=7eb3d90eb4660416caf507087367e67e'. The query component, including the '?', will be ignored. @ https://www.gstatic.com/recaptcha/releases/QvLuXwupqtKMva7GIh5eGl3U/recaptcha__en.js:794
[    1936ms] [ERROR] The source list for the Content Security Policy directive 'default-src' contains an invalid source: ''unsafe-dynamic''. It will be ignored. @ https://js.stripe.com/acacia/stripe.js:0
[    1936ms] [ERROR] The Content-Security-Policy directive 'default-src' contains 'report-uri' as a source expression. Did you want to add it as a directive and forget a semicolon? @ https://js.stripe.com/acacia/stripe.js:0
[    1936ms] [ERROR] The source list for Content Security Policy directive 'default-src' contains a source with an invalid path: '/api/4509669501698048/security/?sentry_key=7eb3d90eb4660416caf507087367e67e'. The query component, including the '?', will be ignored. @ https://js.stripe.com/acacia/stripe.js:0
