[    3240ms] [ERROR] The source list for the Content Security Policy directive 'default-src' contains an invalid source: ''unsafe-dynamic''. It will be ignored. @ https://replit.com/@eugene59/FastApiDataMaster:0
[    3240ms] [ERROR] The Content-Security-Policy directive 'default-src' contains 'report-uri' as a source expression. Did you want to add it as a directive and forget a semicolon? @ https://replit.com/@eugene59/FastApiDataMaster:0
[    3240ms] [ERROR] The source list for Content Security Policy directive 'default-src' contains a source with an invalid path: '/api/4509669501698048/security/?sentry_key=7eb3d90eb4660416caf507087367e67e'. The query component, including the '?', will be ignored. @ https://replit.com/@eugene59/FastApiDataMaster:0
[    3858ms] [ERROR] The source list for the Content Security Policy directive 'default-src' contains an invalid source: ''unsafe-dynamic''. It will be ignored. @ https://www.gstatic.com/recaptcha/releases/QvLuXwupqtKMva7GIh5eGl3U/recaptcha__en.js:714
[    3858ms] [ERROR] The Content-Security-Policy directive 'default-src' contains 'report-uri' as a source expression. Did you want to add it as a directive and forget a semicolon? @ https://www.gstatic.com/recaptcha/releases/QvLuXwupqtKMva7GIh5eGl3U/recaptcha__en.js:714
[    3858ms] [ERROR] The source list for Content Security Policy directive 'default-src' contains a source with an invalid path: '/api/4509669501698048/security/?sentry_key=7eb3d90eb4660416caf507087367e67e'. The query component, including the '?', will be ignored. @ https://www.gstatic.com/recaptcha/releases/QvLuXwupqtKMva7GIh5eGl3U/recaptcha__en.js:714
[    4009ms] [ERROR] The source list for the Content Security Policy directive 'default-src' contains an invalid source: ''unsafe-dynamic''. It will be ignored. @ https://www.gstatic.com/recaptcha/releases/QvLuXwupqtKMva7GIh5eGl3U/recaptcha__en.js:773
[    4009ms] [ERROR] The Content-Security-Policy directive 'default-src' contains 'report-uri' as a source expression. Did you want to add it as a directive and forget a semicolon? @ https://www.gstatic.com/recaptcha/releases/QvLuXwupqtKMva7GIh5eGl3U/recaptcha__en.js:773
[    4009ms] [ERROR] The source list for Content Security Policy directive 'default-src' contains a source with an invalid path: '/api/4509669501698048/security/?sentry_key=7eb3d90eb4660416caf507087367e67e'. The query component, including the '?', will be ignored. @ https://www.gstatic.com/recaptcha/releases/QvLuXwupqtKMva7GIh5eGl3U/recaptcha__en.js:773
[    4009ms] [ERROR] The source list for the Content Security Policy directive 'default-src' contains an invalid source: ''unsafe-dynamic''. It will be ignored. @ https://www.gstatic.com/recaptcha/releases/QvLuXwupqtKMva7GIh5eGl3U/recaptcha__en.js:773
[    4009ms] [ERROR] The Content-Security-Policy directive 'default-src' contains 'report-uri' as a source expression. Did you want to add it as a directive and forget a semicolon? @ https://www.gstatic.com/recaptcha/releases/QvLuXwupqtKMva7GIh5eGl3U/recaptcha__en.js:773
[    4009ms] [ERROR] The source list for Content Security Policy directive 'default-src' contains a source with an invalid path: '/api/4509669501698048/security/?sentry_key=7eb3d90eb4660416caf507087367e67e'. The query component, including the '?', will be ignored. @ https://www.gstatic.com/recaptcha/releases/QvLuXwupqtKMva7GIh5eGl3U/recaptcha__en.js:773
[    4211ms] [ERROR] The source list for the Content Security Policy directive 'default-src' contains an invalid source: ''unsafe-dynamic''. It will be ignored. @ https://www.gstatic.com/recaptcha/releases/QvLuXwupqtKMva7GIh5eGl3U/recaptcha__en.js:794
[    4211ms] [ERROR] The Content-Security-Policy directive 'default-src' contains 'report-uri' as a source expression. Did you want to add it as a directive and forget a semicolon? @ https://www.gstatic.com/recaptcha/releases/QvLuXwupqtKMva7GIh5eGl3U/recaptcha__en.js:794
[    4211ms] [ERROR] The source list for Content Security Policy directive 'default-src' contains a source with an invalid path: '/api/4509669501698048/security/?sentry_key=7eb3d90eb4660416caf507087367e67e'. The query component, including the '?', will be ignored. @ https://www.gstatic.com/recaptcha/releases/QvLuXwupqtKMva7GIh5eGl3U/recaptcha__en.js:794
[    4212ms] [ERROR] The source list for the Content Security Policy directive 'default-src' contains an invalid source: ''unsafe-dynamic''. It will be ignored. @ https://www.gstatic.com/recaptcha/releases/QvLuXwupqtKMva7GIh5eGl3U/recaptcha__en.js:794
[    4212ms] [ERROR] The Content-Security-Policy directive 'default-src' contains 'report-uri' as a source expression. Did you want to add it as a directive and forget a semicolon? @ https://www.gstatic.com/recaptcha/releases/QvLuXwupqtKMva7GIh5eGl3U/recaptcha__en.js:794
[    4212ms] [ERROR] The source list for Content Security Policy directive 'default-src' contains a source with an invalid path: '/api/4509669501698048/security/?sentry_key=7eb3d90eb4660416caf507087367e67e'. The query component, including the '?', will be ignored. @ https://www.gstatic.com/recaptcha/releases/QvLuXwupqtKMva7GIh5eGl3U/recaptcha__en.js:794
[    4529ms] [ERROR] The source list for the Content Security Policy directive 'default-src' contains an invalid source: ''unsafe-dynamic''. It will be ignored. @ https://js.stripe.com/acacia/stripe.js:0
[    4529ms] [ERROR] The Content-Security-Policy directive 'default-src' contains 'report-uri' as a source expression. Did you want to add it as a directive and forget a semicolon? @ https://js.stripe.com/acacia/stripe.js:0
[    4529ms] [ERROR] The source list for Content Security Policy directive 'default-src' contains a source with an invalid path: '/api/4509669501698048/security/?sentry_key=7eb3d90eb4660416caf507087367e67e'. The query component, including the '?', will be ignored. @ https://js.stripe.com/acacia/stripe.js:0
[    5542ms] [ERROR] The source list for the Content Security Policy directive 'default-src' contains an invalid source: ''unsafe-dynamic''. It will be ignored. @ https://js.stripe.com/acacia/stripe.js:0
[    5542ms] [ERROR] The Content-Security-Policy directive 'default-src' contains 'report-uri' as a source expression. Did you want to add it as a directive and forget a semicolon? @ https://js.stripe.com/acacia/stripe.js:0
[    5542ms] [ERROR] The source list for Content Security Policy directive 'default-src' contains a source with an invalid path: '/api/4509669501698048/security/?sentry_key=7eb3d90eb4660416caf507087367e67e'. The query component, including the '?', will be ignored. @ https://js.stripe.com/acacia/stripe.js:0
[   50691ms] [ERROR] The source list for the Content Security Policy directive 'default-src' contains an invalid source: ''unsafe-dynamic''. It will be ignored. @ https://replit.com/@eugene59/FastApiDataMaster:0
[   50691ms] [ERROR] The Content-Security-Policy directive 'default-src' contains 'report-uri' as a source expression. Did you want to add it as a directive and forget a semicolon? @ https://replit.com/@eugene59/FastApiDataMaster:0
[   50691ms] [ERROR] The source list for Content Security Policy directive 'default-src' contains a source with an invalid path: '/api/4509669501698048/security/?sentry_key=7eb3d90eb4660416caf507087367e67e'. The query component, including the '?', will be ignored. @ https://replit.com/@eugene59/FastApiDataMaster:0
[   51187ms] [ERROR] The source list for the Content Security Policy directive 'default-src' contains an invalid source: ''unsafe-dynamic''. It will be ignored. @ https://js.stripe.com/acacia/stripe.js:0
[   51187ms] [ERROR] The Content-Security-Policy directive 'default-src' contains 'report-uri' as a source expression. Did you want to add it as a directive and forget a semicolon? @ https://js.stripe.com/acacia/stripe.js:0
[   51187ms] [ERROR] The source list for Content Security Policy directive 'default-src' contains a source with an invalid path: '/api/4509669501698048/security/?sentry_key=7eb3d90eb4660416caf507087367e67e'. The query component, including the '?', will be ignored. @ https://js.stripe.com/acacia/stripe.js:0
[   51260ms] [ERROR] The source list for the Content Security Policy directive 'default-src' contains an invalid source: ''unsafe-dynamic''. It will be ignored. @ https://www.gstatic.com/recaptcha/releases/QvLuXwupqtKMva7GIh5eGl3U/recaptcha__en.js:714
[   51261ms] [ERROR] The Content-Security-Policy directive 'default-src' contains 'report-uri' as a source expression. Did you want to add it as a directive and forget a semicolon? @ https://www.gstatic.com/recaptcha/releases/QvLuXwupqtKMva7GIh5eGl3U/recaptcha__en.js:714
[   51261ms] [ERROR] The source list for Content Security Policy directive 'default-src' contains a source with an invalid path: '/api/4509669501698048/security/?sentry_key=7eb3d90eb4660416caf507087367e67e'. The query component, including the '?', will be ignored. @ https://www.gstatic.com/recaptcha/releases/QvLuXwupqtKMva7GIh5eGl3U/recaptcha__en.js:714
[   51440ms] [ERROR] The source list for the Content Security Policy directive 'default-src' contains an invalid source: ''unsafe-dynamic''. It will be ignored. @ https://www.gstatic.com/recaptcha/releases/QvLuXwupqtKMva7GIh5eGl3U/recaptcha__en.js:773
[   51440ms] [ERROR] The Content-Security-Policy directive 'default-src' contains 'report-uri' as a source expression. Did you want to add it as a directive and forget a semicolon? @ https://www.gstatic.com/recaptcha/releases/QvLuXwupqtKMva7GIh5eGl3U/recaptcha__en.js:773
[   51440ms] [ERROR] The source list for Content Security Policy directive 'default-src' contains a source with an invalid path: '/api/4509669501698048/security/?sentry_key=7eb3d90eb4660416caf507087367e67e'. The query component, including the '?', will be ignored. @ https://www.gstatic.com/recaptcha/releases/QvLuXwupqtKMva7GIh5eGl3U/recaptcha__en.js:773
[   51440ms] [ERROR] The source list for the Content Security Policy directive 'default-src' contains an invalid source: ''unsafe-dynamic''. It will be ignored. @ https://www.gstatic.com/recaptcha/releases/QvLuXwupqtKMva7GIh5eGl3U/recaptcha__en.js:773
[   51440ms] [ERROR] The Content-Security-Policy directive 'default-src' contains 'report-uri' as a source expression. Did you want to add it as a directive and forget a semicolon? @ https://www.gstatic.com/recaptcha/releases/QvLuXwupqtKMva7GIh5eGl3U/recaptcha__en.js:773
[   51440ms] [ERROR] The source list for Content Security Policy directive 'default-src' contains a source with an invalid path: '/api/4509669501698048/security/?sentry_key=7eb3d90eb4660416caf507087367e67e'. The query component, including the '?', will be ignored. @ https://www.gstatic.com/recaptcha/releases/QvLuXwupqtKMva7GIh5eGl3U/recaptcha__en.js:773
[   51607ms] [ERROR] The source list for the Content Security Policy directive 'default-src' contains an invalid source: ''unsafe-dynamic''. It will be ignored. @ https://www.gstatic.com/recaptcha/releases/QvLuXwupqtKMva7GIh5eGl3U/recaptcha__en.js:794
[   51607ms] [ERROR] The Content-Security-Policy directive 'default-src' contains 'report-uri' as a source expression. Did you want to add it as a directive and forget a semicolon? @ https://www.gstatic.com/recaptcha/releases/QvLuXwupqtKMva7GIh5eGl3U/recaptcha__en.js:794
[   51607ms] [ERROR] The source list for Content Security Policy directive 'default-src' contains a source with an invalid path: '/api/4509669501698048/security/?sentry_key=7eb3d90eb4660416caf507087367e67e'. The query component, including the '?', will be ignored. @ https://www.gstatic.com/recaptcha/releases/QvLuXwupqtKMva7GIh5eGl3U/recaptcha__en.js:794
[   51608ms] [ERROR] The source list for the Content Security Policy directive 'default-src' contains an invalid source: ''unsafe-dynamic''. It will be ignored. @ https://www.gstatic.com/recaptcha/releases/QvLuXwupqtKMva7GIh5eGl3U/recaptcha__en.js:794
[   51608ms] [ERROR] The Content-Security-Policy directive 'default-src' contains 'report-uri' as a source expression. Did you want to add it as a directive and forget a semicolon? @ https://www.gstatic.com/recaptcha/releases/QvLuXwupqtKMva7GIh5eGl3U/recaptcha__en.js:794
[   51608ms] [ERROR] The source list for Content Security Policy directive 'default-src' contains a source with an invalid path: '/api/4509669501698048/security/?sentry_key=7eb3d90eb4660416caf507087367e67e'. The query component, including the '?', will be ignored. @ https://www.gstatic.com/recaptcha/releases/QvLuXwupqtKMva7GIh5eGl3U/recaptcha__en.js:794
[   52186ms] [ERROR] The source list for the Content Security Policy directive 'default-src' contains an invalid source: ''unsafe-dynamic''. It will be ignored. @ https://js.stripe.com/acacia/stripe.js:0
[   52186ms] [ERROR] The Content-Security-Policy directive 'default-src' contains 'report-uri' as a source expression. Did you want to add it as a directive and forget a semicolon? @ https://js.stripe.com/acacia/stripe.js:0
[   52186ms] [ERROR] The source list for Content Security Policy directive 'default-src' contains a source with an invalid path: '/api/4509669501698048/security/?sentry_key=7eb3d90eb4660416caf507087367e67e'. The query component, including the '?', will be ignored. @ https://js.stripe.com/acacia/stripe.js:0
