[      70ms] [ERROR] The source list for the Content Security Policy directive 'default-src' contains an invalid source: ''unsafe-dynamic''. It will be ignored. @ https://replit.com/login:0
[      70ms] [ERROR] The Content-Security-Policy directive 'default-src' contains 'report-uri' as a source expression. Did you want to add it as a directive and forget a semicolon? @ https://replit.com/login:0
[      70ms] [ERROR] The source list for Content Security Policy directive 'default-src' contains a source with an invalid path: '/api/4509669501698048/security/?sentry_key=7eb3d90eb4660416caf507087367e67e'. The query component, including the '?', will be ignored. @ https://replit.com/login:0
[     161ms] [ERROR] The source list for the Content Security Policy directive 'default-src' contains an invalid source: ''unsafe-dynamic''. It will be ignored. @ https://js.stripe.com/acacia/stripe.js:0
[     161ms] [ERROR] The Content-Security-Policy directive 'default-src' contains 'report-uri' as a source expression. Did you want to add it as a directive and forget a semicolon? @ https://js.stripe.com/acacia/stripe.js:0
[     161ms] [ERROR] The source list for Content Security Policy directive 'default-src' contains a source with an invalid path: '/api/4509669501698048/security/?sentry_key=7eb3d90eb4660416caf507087367e67e'. The query component, including the '?', will be ignored. @ https://js.stripe.com/acacia/stripe.js:0
[     235ms] [ERROR] The source list for the Content Security Policy directive 'default-src' contains an invalid source: ''unsafe-dynamic''. It will be ignored. @ https://www.gstatic.com/recaptcha/releases/QvLuXwupqtKMva7GIh5eGl3U/recaptcha__en.js:714
[     235ms] [ERROR] The Content-Security-Policy directive 'default-src' contains 'report-uri' as a source expression. Did you want to add it as a directive and forget a semicolon? @ https://www.gstatic.com/recaptcha/releases/QvLuXwupqtKMva7GIh5eGl3U/recaptcha__en.js:714
[     235ms] [ERROR] The source list for Content Security Policy directive 'default-src' contains a source with an invalid path: '/api/4509669501698048/security/?sentry_key=7eb3d90eb4660416caf507087367e67e'. The query component, including the '?', will be ignored. @ https://www.gstatic.com/recaptcha/releases/QvLuXwupqtKMva7GIh5eGl3U/recaptcha__en.js:714
[     352ms] [ERROR] The source list for the Content Security Policy directive 'default-src' contains an invalid source: ''unsafe-dynamic''. It will be ignored. @ https://www.gstatic.com/recaptcha/releases/QvLuXwupqtKMva7GIh5eGl3U/recaptcha__en.js:773
[     352ms] [ERROR] The Content-Security-Policy directive 'default-src' contains 'report-uri' as a source expression. Did you want to add it as a directive and forget a semicolon? @ https://www.gstatic.com/recaptcha/releases/QvLuXwupqtKMva7GIh5eGl3U/recaptcha__en.js:773
[     352ms] [ERROR] The source list for Content Security Policy directive 'default-src' contains a source with an invalid path: '/api/4509669501698048/security/?sentry_key=7eb3d90eb4660416caf507087367e67e'. The query component, including the '?', will be ignored. @ https://www.gstatic.com/recaptcha/releases/QvLuXwupqtKMva7GIh5eGl3U/recaptcha__en.js:773
[     353ms] [ERROR] The source list for the Content Security Policy directive 'default-src' contains an invalid source: ''unsafe-dynamic''. It will be ignored. @ https://www.gstatic.com/recaptcha/releases/QvLuXwupqtKMva7GIh5eGl3U/recaptcha__en.js:773
[     353ms] [ERROR] The Content-Security-Policy directive 'default-src' contains 'report-uri' as a source expression. Did you want to add it as a directive and forget a semicolon? @ https://www.gstatic.com/recaptcha/releases/QvLuXwupqtKMva7GIh5eGl3U/recaptcha__en.js:773
[     353ms] [ERROR] The source list for Content Security Policy directive 'default-src' contains a source with an invalid path: '/api/4509669501698048/security/?sentry_key=7eb3d90eb4660416caf507087367e67e'. The query component, including the '?', will be ignored. @ https://www.gstatic.com/recaptcha/releases/QvLuXwupqtKMva7GIh5eGl3U/recaptcha__en.js:773
[     499ms] [ERROR] The source list for the Content Security Policy directive 'default-src' contains an invalid source: ''unsafe-dynamic''. It will be ignored. @ https://www.gstatic.com/recaptcha/releases/QvLuXwupqtKMva7GIh5eGl3U/recaptcha__en.js:794
[     499ms] [ERROR] The Content-Security-Policy directive 'default-src' contains 'report-uri' as a source expression. Did you want to add it as a directive and forget a semicolon? @ https://www.gstatic.com/recaptcha/releases/QvLuXwupqtKMva7GIh5eGl3U/recaptcha__en.js:794
[     499ms] [ERROR] The source list for Content Security Policy directive 'default-src' contains a source with an invalid path: '/api/4509669501698048/security/?sentry_key=7eb3d90eb4660416caf507087367e67e'. The query component, including the '?', will be ignored. @ https://www.gstatic.com/recaptcha/releases/QvLuXwupqtKMva7GIh5eGl3U/recaptcha__en.js:794
[     499ms] [ERROR] The source list for the Content Security Policy directive 'default-src' contains an invalid source: ''unsafe-dynamic''. It will be ignored. @ https://www.gstatic.com/recaptcha/releases/QvLuXwupqtKMva7GIh5eGl3U/recaptcha__en.js:794
[     499ms] [ERROR] The Content-Security-Policy directive 'default-src' contains 'report-uri' as a source expression. Did you want to add it as a directive and forget a semicolon? @ https://www.gstatic.com/recaptcha/releases/QvLuXwupqtKMva7GIh5eGl3U/recaptcha__en.js:794
[     499ms] [ERROR] The source list for Content Security Policy directive 'default-src' contains a source with an invalid path: '/api/4509669501698048/security/?sentry_key=7eb3d90eb4660416caf507087367e67e'. The query component, including the '?', will be ignored. @ https://www.gstatic.com/recaptcha/releases/QvLuXwupqtKMva7GIh5eGl3U/recaptcha__en.js:794
[    1162ms] [ERROR] The source list for the Content Security Policy directive 'default-src' contains an invalid source: ''unsafe-dynamic''. It will be ignored. @ https://js.stripe.com/acacia/stripe.js:0
[    1162ms] [ERROR] The Content-Security-Policy directive 'default-src' contains 'report-uri' as a source expression. Did you want to add it as a directive and forget a semicolon? @ https://js.stripe.com/acacia/stripe.js:0
[    1162ms] [ERROR] The source list for Content Security Policy directive 'default-src' contains a source with an invalid path: '/api/4509669501698048/security/?sentry_key=7eb3d90eb4660416caf507087367e67e'. The query component, including the '?', will be ignored. @ https://js.stripe.com/acacia/stripe.js:0
[   15826ms] [ERROR] Failed to load resource: the server responded with a status of 404 () @ https://replit.com/__/firebase/init.json:0
[   16389ms] [ERROR] The source list for the Content Security Policy directive 'default-src' contains an invalid source: ''unsafe-dynamic''. It will be ignored. @ https://replit.com/login?redirecting=1:0
[   16389ms] [ERROR] The Content-Security-Policy directive 'default-src' contains 'report-uri' as a source expression. Did you want to add it as a directive and forget a semicolon? @ https://replit.com/login?redirecting=1:0
[   16389ms] [ERROR] The source list for Content Security Policy directive 'default-src' contains a source with an invalid path: '/api/4509669501698048/security/?sentry_key=7eb3d90eb4660416caf507087367e67e'. The query component, including the '?', will be ignored. @ https://replit.com/login?redirecting=1:0
[   16501ms] [ERROR] The source list for the Content Security Policy directive 'default-src' contains an invalid source: ''unsafe-dynamic''. It will be ignored. @ https://apis.google.com/_/scs/abc-static/_/js/k=gapi.lb.en.PCvl17LujMs.O/m=gapi_iframes/rt=j/sv=1/d=1/ed=1/rs=AHpOoo-sAn5Asuf3MvShXCH_dsg8tE46Tw/cb=gapi.loaded_0?le=scs:146
[   16501ms] [ERROR] The Content-Security-Policy directive 'default-src' contains 'report-uri' as a source expression. Did you want to add it as a directive and forget a semicolon? @ https://apis.google.com/_/scs/abc-static/_/js/k=gapi.lb.en.PCvl17LujMs.O/m=gapi_iframes/rt=j/sv=1/d=1/ed=1/rs=AHpOoo-sAn5Asuf3MvShXCH_dsg8tE46Tw/cb=gapi.loaded_0?le=scs:146
[   16501ms] [ERROR] The source list for Content Security Policy directive 'default-src' contains a source with an invalid path: '/api/4509669501698048/security/?sentry_key=7eb3d90eb4660416caf507087367e67e'. The query component, including the '?', will be ignored. @ https://apis.google.com/_/scs/abc-static/_/js/k=gapi.lb.en.PCvl17LujMs.O/m=gapi_iframes/rt=j/sv=1/d=1/ed=1/rs=AHpOoo-sAn5Asuf3MvShXCH_dsg8tE46Tw/cb=gapi.loaded_0?le=scs:146
[   16580ms] [ERROR] The source list for the Content Security Policy directive 'default-src' contains an invalid source: ''unsafe-dynamic''. It will be ignored. @ https://js.stripe.com/acacia/stripe.js:0
[   16580ms] [ERROR] The Content-Security-Policy directive 'default-src' contains 'report-uri' as a source expression. Did you want to add it as a directive and forget a semicolon? @ https://js.stripe.com/acacia/stripe.js:0
[   16580ms] [ERROR] The source list for Content Security Policy directive 'default-src' contains a source with an invalid path: '/api/4509669501698048/security/?sentry_key=7eb3d90eb4660416caf507087367e67e'. The query component, including the '?', will be ignored. @ https://js.stripe.com/acacia/stripe.js:0
[   16645ms] [ERROR] The source list for the Content Security Policy directive 'default-src' contains an invalid source: ''unsafe-dynamic''. It will be ignored. @ https://www.gstatic.com/recaptcha/releases/QvLuXwupqtKMva7GIh5eGl3U/recaptcha__en.js:714
[   16645ms] [ERROR] The Content-Security-Policy directive 'default-src' contains 'report-uri' as a source expression. Did you want to add it as a directive and forget a semicolon? @ https://www.gstatic.com/recaptcha/releases/QvLuXwupqtKMva7GIh5eGl3U/recaptcha__en.js:714
[   16645ms] [ERROR] The source list for Content Security Policy directive 'default-src' contains a source with an invalid path: '/api/4509669501698048/security/?sentry_key=7eb3d90eb4660416caf507087367e67e'. The query component, including the '?', will be ignored. @ https://www.gstatic.com/recaptcha/releases/QvLuXwupqtKMva7GIh5eGl3U/recaptcha__en.js:714
[   16754ms] [ERROR] The source list for the Content Security Policy directive 'default-src' contains an invalid source: ''unsafe-dynamic''. It will be ignored. @ https://www.gstatic.com/recaptcha/releases/QvLuXwupqtKMva7GIh5eGl3U/recaptcha__en.js:773
[   16754ms] [ERROR] The Content-Security-Policy directive 'default-src' contains 'report-uri' as a source expression. Did you want to add it as a directive and forget a semicolon? @ https://www.gstatic.com/recaptcha/releases/QvLuXwupqtKMva7GIh5eGl3U/recaptcha__en.js:773
[   16754ms] [ERROR] The source list for Content Security Policy directive 'default-src' contains a source with an invalid path: '/api/4509669501698048/security/?sentry_key=7eb3d90eb4660416caf507087367e67e'. The query component, including the '?', will be ignored. @ https://www.gstatic.com/recaptcha/releases/QvLuXwupqtKMva7GIh5eGl3U/recaptcha__en.js:773
[   16754ms] [ERROR] The source list for the Content Security Policy directive 'default-src' contains an invalid source: ''unsafe-dynamic''. It will be ignored. @ https://www.gstatic.com/recaptcha/releases/QvLuXwupqtKMva7GIh5eGl3U/recaptcha__en.js:773
[   16754ms] [ERROR] The Content-Security-Policy directive 'default-src' contains 'report-uri' as a source expression. Did you want to add it as a directive and forget a semicolon? @ https://www.gstatic.com/recaptcha/releases/QvLuXwupqtKMva7GIh5eGl3U/recaptcha__en.js:773
[   16754ms] [ERROR] The source list for Content Security Policy directive 'default-src' contains a source with an invalid path: '/api/4509669501698048/security/?sentry_key=7eb3d90eb4660416caf507087367e67e'. The query component, including the '?', will be ignored. @ https://www.gstatic.com/recaptcha/releases/QvLuXwupqtKMva7GIh5eGl3U/recaptcha__en.js:773
[   16907ms] [ERROR] The source list for the Content Security Policy directive 'default-src' contains an invalid source: ''unsafe-dynamic''. It will be ignored. @ https://www.gstatic.com/recaptcha/releases/QvLuXwupqtKMva7GIh5eGl3U/recaptcha__en.js:794
[   16907ms] [ERROR] The Content-Security-Policy directive 'default-src' contains 'report-uri' as a source expression. Did you want to add it as a directive and forget a semicolon? @ https://www.gstatic.com/recaptcha/releases/QvLuXwupqtKMva7GIh5eGl3U/recaptcha__en.js:794
[   16907ms] [ERROR] The source list for Content Security Policy directive 'default-src' contains a source with an invalid path: '/api/4509669501698048/security/?sentry_key=7eb3d90eb4660416caf507087367e67e'. The query component, including the '?', will be ignored. @ https://www.gstatic.com/recaptcha/releases/QvLuXwupqtKMva7GIh5eGl3U/recaptcha__en.js:794
[   16907ms] [ERROR] The source list for the Content Security Policy directive 'default-src' contains an invalid source: ''unsafe-dynamic''. It will be ignored. @ https://www.gstatic.com/recaptcha/releases/QvLuXwupqtKMva7GIh5eGl3U/recaptcha__en.js:794
[   16907ms] [ERROR] The Content-Security-Policy directive 'default-src' contains 'report-uri' as a source expression. Did you want to add it as a directive and forget a semicolon? @ https://www.gstatic.com/recaptcha/releases/QvLuXwupqtKMva7GIh5eGl3U/recaptcha__en.js:794
[   16907ms] [ERROR] The source list for Content Security Policy directive 'default-src' contains a source with an invalid path: '/api/4509669501698048/security/?sentry_key=7eb3d90eb4660416caf507087367e67e'. The query component, including the '?', will be ignored. @ https://www.gstatic.com/recaptcha/releases/QvLuXwupqtKMva7GIh5eGl3U/recaptcha__en.js:794
[   17582ms] [ERROR] The source list for the Content Security Policy directive 'default-src' contains an invalid source: ''unsafe-dynamic''. It will be ignored. @ https://js.stripe.com/acacia/stripe.js:0
[   17582ms] [ERROR] The Content-Security-Policy directive 'default-src' contains 'report-uri' as a source expression. Did you want to add it as a directive and forget a semicolon? @ https://js.stripe.com/acacia/stripe.js:0
[   17582ms] [ERROR] The source list for Content Security Policy directive 'default-src' contains a source with an invalid path: '/api/4509669501698048/security/?sentry_key=7eb3d90eb4660416caf507087367e67e'. The query component, including the '?', will be ignored. @ https://js.stripe.com/acacia/stripe.js:0
[   18650ms] [ERROR] The source list for the Content Security Policy directive 'default-src' contains an invalid source: ''unsafe-dynamic''. It will be ignored. @ https://replit.com/~:0
[   18650ms] [ERROR] The Content-Security-Policy directive 'default-src' contains 'report-uri' as a source expression. Did you want to add it as a directive and forget a semicolon? @ https://replit.com/~:0
[   18650ms] [ERROR] The source list for Content Security Policy directive 'default-src' contains a source with an invalid path: '/api/4509669501698048/security/?sentry_key=7eb3d90eb4660416caf507087367e67e'. The query component, including the '?', will be ignored. @ https://replit.com/~:0
[   19021ms] [ERROR] The source list for the Content Security Policy directive 'default-src' contains an invalid source: ''unsafe-dynamic''. It will be ignored. @ https://js.stripe.com/acacia/stripe.js:0
[   19021ms] [ERROR] The Content-Security-Policy directive 'default-src' contains 'report-uri' as a source expression. Did you want to add it as a directive and forget a semicolon? @ https://js.stripe.com/acacia/stripe.js:0
[   19021ms] [ERROR] The source list for Content Security Policy directive 'default-src' contains a source with an invalid path: '/api/4509669501698048/security/?sentry_key=7eb3d90eb4660416caf507087367e67e'. The query component, including the '?', will be ignored. @ https://js.stripe.com/acacia/stripe.js:0
[   19046ms] [ERROR] The source list for the Content Security Policy directive 'default-src' contains an invalid source: ''unsafe-dynamic''. It will be ignored. @ https://www.gstatic.com/recaptcha/releases/QvLuXwupqtKMva7GIh5eGl3U/recaptcha__en.js:714
[   19046ms] [ERROR] The Content-Security-Policy directive 'default-src' contains 'report-uri' as a source expression. Did you want to add it as a directive and forget a semicolon? @ https://www.gstatic.com/recaptcha/releases/QvLuXwupqtKMva7GIh5eGl3U/recaptcha__en.js:714
[   19046ms] [ERROR] The source list for Content Security Policy directive 'default-src' contains a source with an invalid path: '/api/4509669501698048/security/?sentry_key=7eb3d90eb4660416caf507087367e67e'. The query component, including the '?', will be ignored. @ https://www.gstatic.com/recaptcha/releases/QvLuXwupqtKMva7GIh5eGl3U/recaptcha__en.js:714
[   19171ms] [ERROR] The source list for the Content Security Policy directive 'default-src' contains an invalid source: ''unsafe-dynamic''. It will be ignored. @ https://www.gstatic.com/recaptcha/releases/QvLuXwupqtKMva7GIh5eGl3U/recaptcha__en.js:773
[   19171ms] [ERROR] The Content-Security-Policy directive 'default-src' contains 'report-uri' as a source expression. Did you want to add it as a directive and forget a semicolon? @ https://www.gstatic.com/recaptcha/releases/QvLuXwupqtKMva7GIh5eGl3U/recaptcha__en.js:773
[   19171ms] [ERROR] The source list for Content Security Policy directive 'default-src' contains a source with an invalid path: '/api/4509669501698048/security/?sentry_key=7eb3d90eb4660416caf507087367e67e'. The query component, including the '?', will be ignored. @ https://www.gstatic.com/recaptcha/releases/QvLuXwupqtKMva7GIh5eGl3U/recaptcha__en.js:773
[   19172ms] [ERROR] The source list for the Content Security Policy directive 'default-src' contains an invalid source: ''unsafe-dynamic''. It will be ignored. @ https://www.gstatic.com/recaptcha/releases/QvLuXwupqtKMva7GIh5eGl3U/recaptcha__en.js:773
[   19172ms] [ERROR] The Content-Security-Policy directive 'default-src' contains 'report-uri' as a source expression. Did you want to add it as a directive and forget a semicolon? @ https://www.gstatic.com/recaptcha/releases/QvLuXwupqtKMva7GIh5eGl3U/recaptcha__en.js:773
[   19172ms] [ERROR] The source list for Content Security Policy directive 'default-src' contains a source with an invalid path: '/api/4509669501698048/security/?sentry_key=7eb3d90eb4660416caf507087367e67e'. The query component, including the '?', will be ignored. @ https://www.gstatic.com/recaptcha/releases/QvLuXwupqtKMva7GIh5eGl3U/recaptcha__en.js:773
[   19368ms] [ERROR] The source list for the Content Security Policy directive 'default-src' contains an invalid source: ''unsafe-dynamic''. It will be ignored. @ https://www.gstatic.com/recaptcha/releases/QvLuXwupqtKMva7GIh5eGl3U/recaptcha__en.js:794
[   19368ms] [ERROR] The Content-Security-Policy directive 'default-src' contains 'report-uri' as a source expression. Did you want to add it as a directive and forget a semicolon? @ https://www.gstatic.com/recaptcha/releases/QvLuXwupqtKMva7GIh5eGl3U/recaptcha__en.js:794
[   19368ms] [ERROR] The source list for Content Security Policy directive 'default-src' contains a source with an invalid path: '/api/4509669501698048/security/?sentry_key=7eb3d90eb4660416caf507087367e67e'. The query component, including the '?', will be ignored. @ https://www.gstatic.com/recaptcha/releases/QvLuXwupqtKMva7GIh5eGl3U/recaptcha__en.js:794
[   19368ms] [ERROR] The source list for the Content Security Policy directive 'default-src' contains an invalid source: ''unsafe-dynamic''. It will be ignored. @ https://www.gstatic.com/recaptcha/releases/QvLuXwupqtKMva7GIh5eGl3U/recaptcha__en.js:794
[   19368ms] [ERROR] The Content-Security-Policy directive 'default-src' contains 'report-uri' as a source expression. Did you want to add it as a directive and forget a semicolon? @ https://www.gstatic.com/recaptcha/releases/QvLuXwupqtKMva7GIh5eGl3U/recaptcha__en.js:794
[   19368ms] [ERROR] The source list for Content Security Policy directive 'default-src' contains a source with an invalid path: '/api/4509669501698048/security/?sentry_key=7eb3d90eb4660416caf507087367e67e'. The query component, including the '?', will be ignored. @ https://www.gstatic.com/recaptcha/releases/QvLuXwupqtKMva7GIh5eGl3U/recaptcha__en.js:794
[   20024ms] [ERROR] The source list for the Content Security Policy directive 'default-src' contains an invalid source: ''unsafe-dynamic''. It will be ignored. @ https://js.stripe.com/acacia/stripe.js:0
[   20024ms] [ERROR] The Content-Security-Policy directive 'default-src' contains 'report-uri' as a source expression. Did you want to add it as a directive and forget a semicolon? @ https://js.stripe.com/acacia/stripe.js:0
[   20024ms] [ERROR] The source list for Content Security Policy directive 'default-src' contains a source with an invalid path: '/api/4509669501698048/security/?sentry_key=7eb3d90eb4660416caf507087367e67e'. The query component, including the '?', will be ignored. @ https://js.stripe.com/acacia/stripe.js:0
